Build started 08/07/2017 11:51:09.
     1>Project "C:\Users\jeant\OneDrive\Documentos\Robos Pololu\Programa\ProjetoFinalQT\ProjetoFinal\ProjetoFinal.vcxproj" on node 2 (Rebuild target(s)).
     1>CustomBuild:
         Moc'ing projetofinal.h...
         Uic'ing projetofinal.ui...
         Moc'ing auxiliarqlabel.h...
         Moc'ing cameracalib.h...
         Moc'ing pidcalib.h...
         Moc'ing roboconfig.h...
         Rcc'ing projetofinal.qrc...
     1>RCC : warning : No resources in 'C:\Users\jeant\OneDrive\Documentos\Robos Pololu\Programa\ProjetoFinalQT\ProjetoFinal\projetofinal.qrc'.
         
         Uic'ing cameracalib.ui...
         Uic'ing pidcalib.ui...
         Uic'ing roboconfig.ui...
     1>C:\Users\jeant\OneDrive\Documentos\Robos Pololu\Programa\ProjetoFinalQT\ProjetoFinal\roboconfig.ui : warning : Z-order assignment: 'splitter' is not a valid widget.
         Uic'ing XYgraph.ui...
       ClCompile:
         C:\Program Files (x86)\Microsoft Visual Studio 12.0\VC\bin\x86_amd64\CL.exe /c /IC:\opencv_git\mybuild\install\include\ /I.\GeneratedFiles /I. /IC:\Qt\5.7\msvc2013_64\include /I.\GeneratedFiles\Release /IC:\Qt\5.7\msvc2013_64\include\QtCore /IC:\Qt\5.7\msvc2013_64\include\QtGui /IC:\Qt\5.7\msvc2013_64\include\QtSerialPort /IC:\Qt\5.7\msvc2013_64\include\QtUiTools /IC:\Qt\5.7\msvc2013_64\include\QtWidgets /nologo /W1 /WX- /O2 /D UNICODE /D WIN32 /D WIN64 /D QT_DLL /D QT_NO_DEBUG /D NDEBUG /D QT_CORE_LIB /D QT_GUI_LIB /D QT_SERIALPORT_LIB /D QT_UITOOLS_LIB /D QT_WIDGETS_LIB /Gm- /EHsc /MD /GS /fp:precise /Zc:wchar_t /Zc:forScope /Fo"x64\Release\\" /Fd"x64\Release\vc120.pdb" /Gd /TP /errorReport:prompt auxiliarqlabel.cpp cameracalib.cpp Curva.cpp Estartegia.cpp mathHelper.cpp SerialClass.cpp StrRetorno.cpp Trajetoria.cpp GeneratedFiles\Release\moc_auxiliarqlabel.cpp paramControle.cpp Cor.cpp dbStorage.cpp Logger.cpp Objeto.cpp pidcalib.cpp Position.cpp roboconfig.cpp Vision.cpp GeneratedFiles\Release\moc_cameracalib.cpp GeneratedFiles\Release\moc_pidcalib.cpp GeneratedFiles\Release\moc_projetofinal.cpp GeneratedFiles\Release\moc_roboconfig.cpp main.cpp projetofinal.cpp
         auxiliarqlabel.cpp
         cameracalib.cpp
         Curva.cpp
         Estartegia.cpp
         mathHelper.cpp
         SerialClass.cpp
         StrRetorno.cpp
         Trajetoria.cpp
         moc_auxiliarqlabel.cpp
         paramControle.cpp
         Cor.cpp
         dbStorage.cpp
     1>dbStorage.cpp(822): warning C4172: returning address of local variable or temporary
         Logger.cpp
         Objeto.cpp
         pidcalib.cpp
         Position.cpp
         roboconfig.cpp
         Vision.cpp
         moc_cameracalib.cpp
         moc_pidcalib.cpp
         Generating Code...
     1>c:\users\jeant\onedrive\documentos\robos pololu\programa\projetofinalqt\projetofinal\serialclass.cpp(411): warning C4715: 'Serial::EnviarMensagem' : not all control paths return a value
         Compiling...
         moc_projetofinal.cpp
         moc_roboconfig.cpp
         main.cpp
         projetofinal.cpp
         Generating Code...
         C:\Program Files (x86)\Microsoft Visual Studio 12.0\VC\bin\x86_amd64\CL.exe /c /IC:\opencv_git\mybuild\install\include\ /I.\GeneratedFiles /I. /IC:\Qt\5.7\msvc2013_64\include /I.\GeneratedFiles\Release /IC:\Qt\5.7\msvc2013_64\include\QtCore /IC:\Qt\5.7\msvc2013_64\include\QtGui /IC:\Qt\5.7\msvc2013_64\include\QtSerialPort /IC:\Qt\5.7\msvc2013_64\include\QtUiTools /IC:\Qt\5.7\msvc2013_64\include\QtWidgets /nologo /W1 /WX- /O2 /D UNICODE /D WIN32 /D WIN64 /D QT_DLL /D QT_NO_DEBUG /D NDEBUG /D QT_CORE_LIB /D QT_GUI_LIB /D QT_SERIALPORT_LIB /D QT_UITOOLS_LIB /D QT_WIDGETS_LIB /Gm- /EHsc /MD /GS /fp:precise /Zc:wchar_t /Zc:forScope /Fo"x64\Release\\" /Fd"x64\Release\vc120.pdb" /Gd /TC /errorReport:prompt sqlite3.c
         sqlite3.c
         C:\Program Files (x86)\Microsoft Visual Studio 12.0\VC\bin\x86_amd64\CL.exe /c /IC:\opencv_git\mybuild\install\include\ /I.\GeneratedFiles /I. /IC:\Qt\5.7\msvc2013_64\include /I.\GeneratedFiles\Release /IC:\Qt\5.7\msvc2013_64\include\QtCore /IC:\Qt\5.7\msvc2013_64\include\QtGui /IC:\Qt\5.7\msvc2013_64\include\QtSerialPort /IC:\Qt\5.7\msvc2013_64\include\QtUiTools /IC:\Qt\5.7\msvc2013_64\include\QtWidgets /nologo /W1 /WX- /O2 /D UNICODE /D WIN32 /D WIN64 /D QT_DLL /D QT_NO_DEBUG /D NDEBUG /D QT_CORE_LIB /D QT_GUI_LIB /D QT_SERIALPORT_LIB /D QT_UITOOLS_LIB /D QT_WIDGETS_LIB /Gm- /EHsc /MD /GS /fp:precise /Zc:wchar_t /Zc:forScope /Fo"x64\Release\\" /Fd"x64\Release\vc120.pdb" /Gd /TP /errorReport:prompt GeneratedFiles\qrc_projetofinal.cpp
         qrc_projetofinal.cpp
       Link:
         C:\Program Files (x86)\Microsoft Visual Studio 12.0\VC\bin\x86_amd64\link.exe /ERRORREPORT:PROMPT /OUT:"C:\Users\jeant\OneDrive\Documentos\Robos Pololu\Programa\ProjetoFinalQT\x64\Release\\ProjetoFinalQT.exe" /NOLOGO /LIBPATH:"C:\@svn\Projeto Final\Ze e Biel\Software\ProjetoFinalQT\ProjetoFinal" /LIBPATH:C:\opencv_git\mybuild\install\x64\vc12\lib /LIBPATH:C:\Qt\5.7\msvc2013_64\lib qtmain.lib Qt5Core.lib Qt5Gui.lib Qt5SerialPort.lib Qt5UiTools.lib Qt5Widgets.lib opencv_calib3d320.lib opencv_core320.lib opencv_cudaarithm320.lib opencv_cudabgsegm320.lib opencv_cudacodec320.lib opencv_cudafeatures2d320.lib opencv_cudafilters320.lib opencv_cudaimgproc320.lib opencv_cudalegacy320.lib opencv_cudaobjdetect320.lib opencv_cudaoptflow320.lib opencv_cudastereo320.lib opencv_cudawarping320.lib opencv_cudev320.lib opencv_features2d320.lib opencv_flann320.lib opencv_highgui320.lib opencv_imgcodecs320.lib opencv_imgproc320.lib opencv_ml320.lib opencv_objdetect320.lib opencv_photo320.lib opencv_shape320.lib opencv_stitching320.lib opencv_superres320.lib opencv_video320.lib opencv_videoio320.lib opencv_videostab320.lib kernel32.lib user32.lib gdi32.lib winspool.lib comdlg32.lib advapi32.lib shell32.lib ole32.lib oleaut32.lib uuid.lib odbc32.lib odbccp32.lib /MANIFEST /MANIFESTUAC:"level='asInvoker' uiAccess='false'" /manifest:embed /PDB:"C:\Users\jeant\OneDrive\Documentos\Robos Pololu\Programa\ProjetoFinalQT\x64\Release\ProjetoFinalQT.pdb" /SUBSYSTEM:WINDOWS /TLBID:1 /DYNAMICBASE /NXCOMPAT /IMPLIB:"C:\Users\jeant\OneDrive\Documentos\Robos Pololu\Programa\ProjetoFinalQT\x64\Release\ProjetoFinalQT.lib" /MACHINE:X64 x64\Release\auxiliarqlabel.obj
         x64\Release\cameracalib.obj
         x64\Release\Curva.obj
         x64\Release\Estartegia.obj
         x64\Release\mathHelper.obj
         x64\Release\SerialClass.obj
         x64\Release\StrRetorno.obj
         x64\Release\Trajetoria.obj
         x64\Release\moc_auxiliarqlabel.obj
         x64\Release\paramControle.obj
         x64\Release\Cor.obj
         x64\Release\dbStorage.obj
         x64\Release\Logger.obj
         x64\Release\Objeto.obj
         x64\Release\pidcalib.obj
         x64\Release\Position.obj
         x64\Release\roboconfig.obj
         x64\Release\sqlite3.obj
         x64\Release\Vision.obj
         x64\Release\qrc_projetofinal.obj
         x64\Release\moc_cameracalib.obj
         x64\Release\moc_pidcalib.obj
         x64\Release\moc_projetofinal.obj
         x64\Release\moc_roboconfig.obj
         x64\Release\main.obj
         x64\Release\projetofinal.obj
         ProjetoFinal.vcxproj -> C:\Users\jeant\OneDrive\Documentos\Robos Pololu\Programa\ProjetoFinalQT\x64\Release\ProjetoFinalQT.exe
     1>Done Building Project "C:\Users\jeant\OneDrive\Documentos\Robos Pololu\Programa\ProjetoFinalQT\ProjetoFinal\ProjetoFinal.vcxproj" (Rebuild target(s)).

Build succeeded.

Time Elapsed 00:01:16.03
