c:\users\jeant\onedrive\documentos\robos pololu\programa\projetofinalqt\projetofinal\x64\release\moc_pidcalib.obj
c:\users\jeant\onedrive\documentos\robos pololu\programa\projetofinalqt\projetofinal\x64\release\moc_cameracalib.obj
c:\users\jeant\onedrive\documentos\robos pololu\programa\projetofinalqt\projetofinal\x64\release\vision.obj
c:\users\jeant\onedrive\documentos\robos pololu\programa\projetofinalqt\projetofinal\x64\release\roboconfig.obj
c:\users\jeant\onedrive\documentos\robos pololu\programa\projetofinalqt\projetofinal\x64\release\position.obj
c:\users\jeant\onedrive\documentos\robos pololu\programa\projetofinalqt\projetofinal\x64\release\pidcalib.obj
c:\users\jeant\onedrive\documentos\robos pololu\programa\projetofinalqt\projetofinal\x64\release\objeto.obj
c:\users\jeant\onedrive\documentos\robos pololu\programa\projetofinalqt\projetofinal\x64\release\logger.obj
c:\users\jeant\onedrive\documentos\robos pololu\programa\projetofinalqt\projetofinal\x64\release\dbstorage.obj
c:\users\jeant\onedrive\documentos\robos pololu\programa\projetofinalqt\projetofinal\x64\release\cor.obj
c:\users\jeant\onedrive\documentos\robos pololu\programa\projetofinalqt\projetofinal\x64\release\paramcontrole.obj
c:\users\jeant\onedrive\documentos\robos pololu\programa\projetofinalqt\projetofinal\x64\release\moc_auxiliarqlabel.obj
c:\users\jeant\onedrive\documentos\robos pololu\programa\projetofinalqt\projetofinal\x64\release\trajetoria.obj
c:\users\jeant\onedrive\documentos\robos pololu\programa\projetofinalqt\projetofinal\x64\release\strretorno.obj
c:\users\jeant\onedrive\documentos\robos pololu\programa\projetofinalqt\projetofinal\x64\release\serialclass.obj
c:\users\jeant\onedrive\documentos\robos pololu\programa\projetofinalqt\projetofinal\x64\release\mathhelper.obj
c:\users\jeant\onedrive\documentos\robos pololu\programa\projetofinalqt\projetofinal\x64\release\estartegia.obj
c:\users\jeant\onedrive\documentos\robos pololu\programa\projetofinalqt\projetofinal\x64\release\curva.obj
c:\users\jeant\onedrive\documentos\robos pololu\programa\projetofinalqt\projetofinal\x64\release\cameracalib.obj
c:\users\jeant\onedrive\documentos\robos pololu\programa\projetofinalqt\projetofinal\x64\release\auxiliarqlabel.obj
c:\users\jeant\onedrive\documentos\robos pololu\programa\projetofinalqt\projetofinal\x64\release\projetofinal.obj
c:\users\jeant\onedrive\documentos\robos pololu\programa\projetofinalqt\projetofinal\x64\release\main.obj
c:\users\jeant\onedrive\documentos\robos pololu\programa\projetofinalqt\projetofinal\x64\release\moc_roboconfig.obj
c:\users\jeant\onedrive\documentos\robos pololu\programa\projetofinalqt\projetofinal\x64\release\moc_projetofinal.obj
c:\users\jeant\onedrive\documentos\robos pololu\programa\projetofinalqt\projetofinal\x64\release\sqlite3.obj
c:\users\jeant\onedrive\documentos\robos pololu\programa\projetofinalqt\projetofinal\x64\release\qrc_projetofinal.obj
c:\users\jeant\onedrive\documentos\robos pololu\programa\projetofinalqt\projetofinal\generatedfiles\release\moc_projetofinal.cpp
c:\users\jeant\onedrive\documentos\robos pololu\programa\projetofinalqt\projetofinal\generatedfiles\ui_projetofinal.h
c:\users\jeant\onedrive\documentos\robos pololu\programa\projetofinalqt\projetofinal\generatedfiles\release\moc_auxiliarqlabel.cpp
c:\users\jeant\onedrive\documentos\robos pololu\programa\projetofinalqt\projetofinal\generatedfiles\release\moc_cameracalib.cpp
c:\users\jeant\onedrive\documentos\robos pololu\programa\projetofinalqt\projetofinal\generatedfiles\release\moc_pidcalib.cpp
c:\users\jeant\onedrive\documentos\robos pololu\programa\projetofinalqt\projetofinal\generatedfiles\release\moc_roboconfig.cpp
c:\users\jeant\onedrive\documentos\robos pololu\programa\projetofinalqt\projetofinal\generatedfiles\qrc_projetofinal.cpp
c:\users\jeant\onedrive\documentos\robos pololu\programa\projetofinalqt\projetofinal\generatedfiles\ui_cameracalib.h
c:\users\jeant\onedrive\documentos\robos pololu\programa\projetofinalqt\projetofinal\generatedfiles\ui_pidcalib.h
c:\users\jeant\onedrive\documentos\robos pololu\programa\projetofinalqt\projetofinal\generatedfiles\ui_roboconfig.h
c:\users\jeant\onedrive\documentos\robos pololu\programa\projetofinalqt\projetofinal\generatedfiles\ui_xygraph.h
c:\users\jeant\onedrive\documentos\robos pololu\programa\projetofinalqt\projetofinal\x64\release\projetofinalqt.tlog\cl.command.1.tlog
c:\users\jeant\onedrive\documentos\robos pololu\programa\projetofinalqt\projetofinal\x64\release\projetofinalqt.tlog\cl.read.1.tlog
c:\users\jeant\onedrive\documentos\robos pololu\programa\projetofinalqt\projetofinal\x64\release\projetofinalqt.tlog\cl.write.1.tlog
c:\users\jeant\onedrive\documentos\robos pololu\programa\projetofinalqt\projetofinal\x64\release\projetofinalqt.tlog\custombuild.command.1.tlog
c:\users\jeant\onedrive\documentos\robos pololu\programa\projetofinalqt\projetofinal\x64\release\projetofinalqt.tlog\custombuild.read.1.tlog
c:\users\jeant\onedrive\documentos\robos pololu\programa\projetofinalqt\projetofinal\x64\release\projetofinalqt.tlog\custombuild.write.1.tlog
c:\users\jeant\onedrive\documentos\robos pololu\programa\projetofinalqt\projetofinal\x64\release\projetofinalqt.tlog\link.command.1.tlog
c:\users\jeant\onedrive\documentos\robos pololu\programa\projetofinalqt\projetofinal\x64\release\projetofinalqt.tlog\link.read.1.tlog
c:\users\jeant\onedrive\documentos\robos pololu\programa\projetofinalqt\projetofinal\x64\release\projetofinalqt.tlog\link.write.1.tlog
