c:\users\jeant\onedrive\documentos\robos pololu\programa\projetofinalqt\projetofinal\x64\debug\vc120.pdb
c:\users\jeant\onedrive\documentos\robos pololu\programa\projetofinalqt\projetofinal\x64\debug\moc_pidcalib.obj
c:\users\jeant\onedrive\documentos\robos pololu\programa\projetofinalqt\projetofinal\x64\debug\moc_cameracalib.obj
c:\users\jeant\onedrive\documentos\robos pololu\programa\projetofinalqt\projetofinal\x64\debug\vision.obj
c:\users\jeant\onedrive\documentos\robos pololu\programa\projetofinalqt\projetofinal\x64\debug\roboconfig.obj
c:\users\jeant\onedrive\documentos\robos pololu\programa\projetofinalqt\projetofinal\x64\debug\position.obj
c:\users\jeant\onedrive\documentos\robos pololu\programa\projetofinalqt\projetofinal\x64\debug\pidcalib.obj
c:\users\jeant\onedrive\documentos\robos pololu\programa\projetofinalqt\projetofinal\x64\debug\objeto.obj
c:\users\jeant\onedrive\documentos\robos pololu\programa\projetofinalqt\projetofinal\x64\debug\logger.obj
c:\users\jeant\onedrive\documentos\robos pololu\programa\projetofinalqt\projetofinal\x64\debug\dbstorage.obj
c:\users\jeant\onedrive\documentos\robos pololu\programa\projetofinalqt\projetofinal\x64\debug\cor.obj
c:\users\jeant\onedrive\documentos\robos pololu\programa\projetofinalqt\projetofinal\x64\debug\paramcontrole.obj
c:\users\jeant\onedrive\documentos\robos pololu\programa\projetofinalqt\projetofinal\x64\debug\moc_auxiliarqlabel.obj
c:\users\jeant\onedrive\documentos\robos pololu\programa\projetofinalqt\projetofinal\x64\debug\trajetoria.obj
c:\users\jeant\onedrive\documentos\robos pololu\programa\projetofinalqt\projetofinal\x64\debug\strretorno.obj
c:\users\jeant\onedrive\documentos\robos pololu\programa\projetofinalqt\projetofinal\x64\debug\serialclass.obj
c:\users\jeant\onedrive\documentos\robos pololu\programa\projetofinalqt\projetofinal\x64\debug\mathhelper.obj
c:\users\jeant\onedrive\documentos\robos pololu\programa\projetofinalqt\projetofinal\x64\debug\estartegia.obj
c:\users\jeant\onedrive\documentos\robos pololu\programa\projetofinalqt\projetofinal\x64\debug\curva.obj
c:\users\jeant\onedrive\documentos\robos pololu\programa\projetofinalqt\projetofinal\x64\debug\cameracalib.obj
c:\users\jeant\onedrive\documentos\robos pololu\programa\projetofinalqt\projetofinal\x64\debug\auxiliarqlabel.obj
c:\users\jeant\onedrive\documentos\robos pololu\programa\projetofinalqt\projetofinal\x64\debug\projetofinal.obj
c:\users\jeant\onedrive\documentos\robos pololu\programa\projetofinalqt\projetofinal\x64\debug\main.obj
c:\users\jeant\onedrive\documentos\robos pololu\programa\projetofinalqt\projetofinal\x64\debug\moc_roboconfig.obj
c:\users\jeant\onedrive\documentos\robos pololu\programa\projetofinalqt\projetofinal\x64\debug\moc_projetofinal.obj
c:\users\jeant\onedrive\documentos\robos pololu\programa\projetofinalqt\projetofinal\x64\debug\sqlite3.obj
c:\users\jeant\onedrive\documentos\robos pololu\programa\projetofinalqt\projetofinal\x64\debug\qrc_projetofinal.obj
c:\users\jeant\onedrive\documentos\robos pololu\programa\projetofinalqt\projetofinal\generatedfiles\debug\moc_projetofinal.cpp
c:\users\jeant\onedrive\documentos\robos pololu\programa\projetofinalqt\projetofinal\generatedfiles\ui_projetofinal.h
c:\users\jeant\onedrive\documentos\robos pololu\programa\projetofinalqt\projetofinal\generatedfiles\debug\moc_auxiliarqlabel.cpp
c:\users\jeant\onedrive\documentos\robos pololu\programa\projetofinalqt\projetofinal\generatedfiles\debug\moc_cameracalib.cpp
c:\users\jeant\onedrive\documentos\robos pololu\programa\projetofinalqt\projetofinal\generatedfiles\debug\moc_pidcalib.cpp
c:\users\jeant\onedrive\documentos\robos pololu\programa\projetofinalqt\projetofinal\generatedfiles\debug\moc_roboconfig.cpp
c:\users\jeant\onedrive\documentos\robos pololu\programa\projetofinalqt\projetofinal\generatedfiles\qrc_projetofinal.cpp
c:\users\jeant\onedrive\documentos\robos pololu\programa\projetofinalqt\projetofinal\generatedfiles\ui_cameracalib.h
c:\users\jeant\onedrive\documentos\robos pololu\programa\projetofinalqt\projetofinal\generatedfiles\ui_pidcalib.h
c:\users\jeant\onedrive\documentos\robos pololu\programa\projetofinalqt\projetofinal\generatedfiles\ui_roboconfig.h
c:\users\jeant\onedrive\documentos\robos pololu\programa\projetofinalqt\x64\debug\projetofinalqt.exe
c:\users\jeant\onedrive\documentos\robos pololu\programa\projetofinalqt\x64\debug\projetofinalqt.pdb
c:\users\jeant\onedrive\documentos\robos pololu\programa\projetofinalqt\projetofinal\x64\debug\projetofinalqt.tlog\cl.command.1.tlog
c:\users\jeant\onedrive\documentos\robos pololu\programa\projetofinalqt\projetofinal\x64\debug\projetofinalqt.tlog\cl.read.1.tlog
c:\users\jeant\onedrive\documentos\robos pololu\programa\projetofinalqt\projetofinal\x64\debug\projetofinalqt.tlog\cl.write.1.tlog
c:\users\jeant\onedrive\documentos\robos pololu\programa\projetofinalqt\projetofinal\x64\debug\projetofinalqt.tlog\custombuild.command.1.tlog
c:\users\jeant\onedrive\documentos\robos pololu\programa\projetofinalqt\projetofinal\x64\debug\projetofinalqt.tlog\custombuild.read.1.tlog
c:\users\jeant\onedrive\documentos\robos pololu\programa\projetofinalqt\projetofinal\x64\debug\projetofinalqt.tlog\custombuild.write.1.tlog
c:\users\jeant\onedrive\documentos\robos pololu\programa\projetofinalqt\projetofinal\x64\debug\projetofinalqt.tlog\link.command.1.tlog
c:\users\jeant\onedrive\documentos\robos pololu\programa\projetofinalqt\projetofinal\x64\debug\projetofinalqt.tlog\link.read.1.tlog
c:\users\jeant\onedrive\documentos\robos pololu\programa\projetofinalqt\projetofinal\x64\debug\projetofinalqt.tlog\link.write.1.tlog
