Build started 22/07/2017 20:17:40.
     1>Project "C:\Users\Jean\Documents\gitProjetoFinal\ProjetoFinalQT\ProjetoFinal\ProjetoFinal.vcxproj" on node 2 (Build target(s)).
     1>ClCompile:
         C:\Program Files (x86)\Microsoft Visual Studio 12.0\VC\bin\x86_amd64\CL.exe /c /I.\GeneratedFiles /I. /IC:\Qt\5.9\msvc2013_64\include /I.\GeneratedFiles\Debug /IC:\Qt\5.9\msvc2013_64\include\QtCore /IC:\Qt\5.9\msvc2013_64\include\QtGui /IC:\Qt\5.9\msvc2013_64\include\QtSerialPort /IC:\Qt\5.9\msvc2013_64\include\QtUiTools /IC:\Qt\5.9\msvc2013_64\include\QtWidgets /IC:\opencv_git\mybuild\install\include\ /Zi /nologo /W1 /WX- /Od /D UNICODE /D WIN32 /D WIN64 /D QT_DLL /D QT_CORE_LIB /D QT_GUI_LIB /D QT_SERIALPORT_LIB /D QT_UITOOLS_LIB /D QT_WIDGETS_LIB /D OUTPUTBIEL /Gm- /EHsc /MDd /GS /fp:precise /Zc:wchar_t /Zc:forScope /openmp /Fo"x64\Debug\\" /Fd"x64\Debug\vc120.pdb" /Gd /TP /errorReport:prompt projetofinal.cpp
         projetofinal.cpp
       Link:
         C:\Program Files (x86)\Microsoft Visual Studio 12.0\VC\bin\x86_amd64\link.exe /ERRORREPORT:PROMPT /OUT:"C:\Users\Jean\Documents\gitProjetoFinal\ProjetoFinalQT\x64\Debug\\ProjetoFinalQT.exe" /NOLOGO /LIBPATH:C:\Qt\5.9\msvc2013_64\lib /LIBPATH:C:\opencv_git\mybuild\install\x64\vc12\lib /LIBPATH:"C:\Users\jeant\OneDrive\Documentos\Robos Pololu\Programa\ProjetoFinalQT\ProjetoFinal" qtmaind.lib Qt5Cored.lib Qt5Guid.lib Qt5SerialPortd.lib Qt5UiToolsd.lib Qt5Widgetsd.lib opencv_calib3d320d.lib opencv_core320d.lib opencv_cudaarithm320d.lib opencv_cudabgsegm320d.lib opencv_cudacodec320d.lib opencv_cudafeatures2d320d.lib opencv_cudafilters320d.lib opencv_cudaimgproc320d.lib opencv_cudalegacy320d.lib opencv_cudaobjdetect320d.lib opencv_cudaoptflow320d.lib opencv_cudastereo320d.lib opencv_cudawarping320d.lib opencv_cudev320d.lib opencv_features2d320d.lib opencv_flann320d.lib opencv_highgui320d.lib opencv_imgcodecs320d.lib opencv_imgproc320d.lib opencv_ml320d.lib opencv_objdetect320d.lib opencv_photo320d.lib opencv_shape320d.lib opencv_stitching320d.lib opencv_superres320d.lib opencv_video320d.lib opencv_videoio320d.lib opencv_videostab320d.lib sqlite3.lib kernel32.lib user32.lib gdi32.lib winspool.lib comdlg32.lib advapi32.lib shell32.lib ole32.lib oleaut32.lib uuid.lib odbc32.lib odbccp32.lib /MANIFEST /MANIFESTUAC:"level='asInvoker' uiAccess='false'" /manifest:embed /DEBUG /PDB:"C:\Users\Jean\Documents\gitProjetoFinal\ProjetoFinalQT\x64\Debug\ProjetoFinalQT.pdb" /SUBSYSTEM:WINDOWS /TLBID:1 /DYNAMICBASE /NXCOMPAT /IMPLIB:"C:\Users\Jean\Documents\gitProjetoFinal\ProjetoFinalQT\x64\Debug\ProjetoFinalQT.lib" /MACHINE:X64 /PROFILE x64\Debug\auxiliarqlabel.obj
         x64\Debug\cameracalib.obj
         x64\Debug\Curva.obj
         x64\Debug\Estartegia.obj
         x64\Debug\mathHelper.obj
         x64\Debug\SerialClass.obj
         x64\Debug\StrRetorno.obj
         x64\Debug\Trajetoria.obj
         x64\Debug\moc_auxiliarqlabel.obj
         x64\Debug\paramControle.obj
         x64\Debug\Cor.obj
         x64\Debug\dbStorage.obj
         x64\Debug\Logger.obj
         x64\Debug\Objeto.obj
         x64\Debug\pidcalib.obj
         x64\Debug\Position.obj
         x64\Debug\roboconfig.obj
         x64\Debug\sqlite3.obj
         x64\Debug\Vision.obj
         x64\Debug\moc_cameracalib.obj
         x64\Debug\moc_pidcalib.obj
         x64\Debug\moc_projetofinal.obj
         x64\Debug\moc_roboconfig.obj
         x64\Debug\qrc_projetofinal.obj
         x64\Debug\main.obj
         x64\Debug\projetofinal.obj
         ProjetoFinal.vcxproj -> C:\Users\Jean\Documents\gitProjetoFinal\ProjetoFinalQT\x64\Debug\ProjetoFinalQT.exe
     1>Done Building Project "C:\Users\Jean\Documents\gitProjetoFinal\ProjetoFinalQT\ProjetoFinal\ProjetoFinal.vcxproj" (Build target(s)).

Build succeeded.

Time Elapsed 00:00:15.30
